<?xml version="1.0" encoding="utf-8"?><testsuites name="pytest tests"><testsuite name="pytest" errors="0" failures="0" skipped="0" tests="22" time="5.939" timestamp="2026-06-13T23:27:41.331455+00:00" hostname="agent-env-37b91d9f-0c1b-4802-9e7e-3465a49d6eb5"><testcase classname="backend.tests.backend_test" name="test_health" time="0.256" /><testcase classname="backend.tests.backend_test.TestAuth" name="test_login_success" time="0.317" /><testcase classname="backend.tests.backend_test.TestAuth" name="test_login_wrong_password" time="0.322" /><testcase classname="backend.tests.backend_test.TestAuth" name="test_me" time="0.421" /><testcase classname="backend.tests.backend_test.TestAuth" name="test_me_unauthorized" time="0.093" /><testcase classname="backend.tests.backend_test.TestAuth" name="test_logout" time="0.464" /><testcase classname="backend.tests.backend_test.TestMenu" name="test_list_menu" time="0.138" /><testcase classname="backend.tests.backend_test.TestMenu" name="test_menu_unauthorized" time="0.089" /><testcase classname="backend.tests.backend_test.TestMenu" name="test_menu_active_only" time="0.101" /><testcase classname="backend.tests.backend_test.TestMenu" name="test_menu_crud" time="0.385" /><testcase classname="backend.tests.backend_test.TestOrders" name="test_create_order" time="0.190" /><testcase classname="backend.tests.backend_test.TestOrders" name="test_create_order_no_items" time="0.128" /><testcase classname="backend.tests.backend_test.TestOrders" name="test_status_flow" time="0.503" /><testcase classname="backend.tests.backend_test.TestOrders" name="test_invalid_status" time="0.294" /><testcase classname="backend.tests.backend_test.TestOrders" name="test_active_only_list" time="0.296" /><testcase classname="backend.tests.backend_test.TestDashboard" name="test_dashboard_today" time="0.110" /><testcase classname="backend.tests.backend_test.TestDashboard" name="test_dashboard_invalid_range" time="0.092" /><testcase classname="backend.tests.backend_test.TestDashboard" name="test_dashboard_requires_admin" time="0.772" /><testcase classname="backend.tests.backend_test.TestSupply" name="test_add_and_list" time="0.220" /><testcase classname="backend.tests.backend_test.TestSupply" name="test_aggregated_admin_only" time="0.094" /><testcase classname="backend.tests.backend_test.TestTeam" name="test_create_and_delete_user" time="0.421" /><testcase classname="backend.tests.backend_test.TestTeam" name="test_staff_cannot_create_user" time="0.096" /></testsuite></testsuites>